<?xml version="1.0" encoding="UTF-8"?>
<testng-results ignored="0" total="6" passed="5" failed="1" skipped="0">
  <reporter-output>
  </reporter-output>
  <suite started-at="2026-04-17T13:28:06 CEST" name="Test Suite" finished-at="2026-04-17T13:28:13 CEST" duration-ms="6773">
    <groups>
    </groups>
    <test started-at="2026-04-17T13:28:06 CEST" name="Test" finished-at="2026-04-17T13:28:13 CEST" duration-ms="6773">
      <class name="com.framework.tests.AppTest">
        <test-method is-config="true" signature="beforeSuite()[pri:0, instance:com.framework.tests.AppTest@5c909414]" started-at="2026-04-17T13:28:06 CEST" name="beforeSuite" finished-at="2026-04-17T13:28:06 CEST" duration-ms="76" status="PASS">
          <reporter-output>
          </reporter-output>
        </test-method> <!-- beforeSuite -->
        <test-method is-config="true" signature="setUp(java.lang.reflect.Method)[pri:0, instance:com.framework.tests.AppTest@5c909414]" started-at="2026-04-17T13:28:06 CEST" name="setUp" finished-at="2026-04-17T13:28:07 CEST" duration-ms="912" status="PASS">
          <params>
            <param index="0">
              <value>
                <![CDATA[public void com.framework.tests.AppTest.isValidLoginTest(java.lang.String,java.lang.String,java.lang.String)]]>
              </value>
            </param>
          </params>
          <reporter-output>
          </reporter-output>
        </test-method> <!-- setUp -->
        <test-method signature="isValidLoginTest(java.lang.String,java.lang.String,java.lang.String)[pri:0, instance:com.framework.tests.AppTest@5c909414]" started-at="2026-04-17T13:28:07 CEST" name="isValidLoginTest" data-provider="invalidCredentials" finished-at="2026-04-17T13:28:07 CEST" duration-ms="610" status="PASS">
          <params>
            <param index="0">
              <value>
                <![CDATA[invalid_user]]>
              </value>
            </param>
            <param index="1">
              <value>
                <![CDATA[invalid_password]]>
              </value>
            </param>
            <param index="2">
              <value>
                <![CDATA[Epic sadface: Username and password do not match any user in this service]]>
              </value>
            </param>
          </params>
          <reporter-output>
          </reporter-output>
        </test-method> <!-- isValidLoginTest -->
        <test-method is-config="true" signature="tearDown(org.testng.ITestResult)[pri:0, instance:com.framework.tests.AppTest@5c909414]" started-at="2026-04-17T13:28:07 CEST" name="tearDown" finished-at="2026-04-17T13:28:08 CEST" duration-ms="182" status="PASS">
          <params>
            <param index="0">
              <value>
                <![CDATA[[TestResult name=isValidLoginTest status=SUCCESS method=AppTest.isValidLoginTest(java.lang.String,java.lang.String,java.lang.String)[pri:0, instance:com.framework.tests.AppTest@5c909414] output={null}]]]>
              </value>
            </param>
          </params>
          <reporter-output>
          </reporter-output>
        </test-method> <!-- tearDown -->
        <test-method is-config="true" signature="setUp(java.lang.reflect.Method)[pri:0, instance:com.framework.tests.AppTest@5c909414]" started-at="2026-04-17T13:28:08 CEST" name="setUp" finished-at="2026-04-17T13:28:08 CEST" duration-ms="456" status="PASS">
          <params>
            <param index="0">
              <value>
                <![CDATA[public void com.framework.tests.AppTest.isValidLoginTest(java.lang.String,java.lang.String,java.lang.String)]]>
              </value>
            </param>
          </params>
          <reporter-output>
          </reporter-output>
        </test-method> <!-- setUp -->
        <test-method signature="isValidLoginTest(java.lang.String,java.lang.String,java.lang.String)[pri:0, instance:com.framework.tests.AppTest@5c909414]" started-at="2026-04-17T13:28:08 CEST" name="isValidLoginTest" data-provider="invalidCredentials" finished-at="2026-04-17T13:28:09 CEST" duration-ms="492" status="PASS">
          <params>
            <param index="0">
              <value>
                <![CDATA[]]>
              </value>
            </param>
            <param index="1">
              <value>
                <![CDATA[invalid_password]]>
              </value>
            </param>
            <param index="2">
              <value>
                <![CDATA[Epic sadface: Username is required]]>
              </value>
            </param>
          </params>
          <reporter-output>
          </reporter-output>
        </test-method> <!-- isValidLoginTest -->
        <test-method is-config="true" signature="tearDown(org.testng.ITestResult)[pri:0, instance:com.framework.tests.AppTest@5c909414]" started-at="2026-04-17T13:28:09 CEST" name="tearDown" finished-at="2026-04-17T13:28:09 CEST" duration-ms="84" status="PASS">
          <params>
            <param index="0">
              <value>
                <![CDATA[[TestResult name=isValidLoginTest status=SUCCESS method=AppTest.isValidLoginTest(java.lang.String,java.lang.String,java.lang.String)[pri:0, instance:com.framework.tests.AppTest@5c909414] output={null}]]]>
              </value>
            </param>
          </params>
          <reporter-output>
          </reporter-output>
        </test-method> <!-- tearDown -->
        <test-method is-config="true" signature="setUp(java.lang.reflect.Method)[pri:0, instance:com.framework.tests.AppTest@5c909414]" started-at="2026-04-17T13:28:09 CEST" name="setUp" finished-at="2026-04-17T13:28:09 CEST" duration-ms="425" status="PASS">
          <params>
            <param index="0">
              <value>
                <![CDATA[public void com.framework.tests.AppTest.isValidLoginTest(java.lang.String,java.lang.String,java.lang.String)]]>
              </value>
            </param>
          </params>
          <reporter-output>
          </reporter-output>
        </test-method> <!-- setUp -->
        <test-method signature="isValidLoginTest(java.lang.String,java.lang.String,java.lang.String)[pri:0, instance:com.framework.tests.AppTest@5c909414]" started-at="2026-04-17T13:28:09 CEST" name="isValidLoginTest" data-provider="invalidCredentials" finished-at="2026-04-17T13:28:10 CEST" duration-ms="510" status="PASS">
          <params>
            <param index="0">
              <value>
                <![CDATA[invalid_user]]>
              </value>
            </param>
            <param index="1">
              <value>
                <![CDATA[]]>
              </value>
            </param>
            <param index="2">
              <value>
                <![CDATA[Epic sadface: Password is required]]>
              </value>
            </param>
          </params>
          <reporter-output>
          </reporter-output>
        </test-method> <!-- isValidLoginTest -->
        <test-method is-config="true" signature="tearDown(org.testng.ITestResult)[pri:0, instance:com.framework.tests.AppTest@5c909414]" started-at="2026-04-17T13:28:10 CEST" name="tearDown" finished-at="2026-04-17T13:28:10 CEST" duration-ms="89" status="PASS">
          <params>
            <param index="0">
              <value>
                <![CDATA[[TestResult name=isValidLoginTest status=SUCCESS method=AppTest.isValidLoginTest(java.lang.String,java.lang.String,java.lang.String)[pri:0, instance:com.framework.tests.AppTest@5c909414] output={null}]]]>
              </value>
            </param>
          </params>
          <reporter-output>
          </reporter-output>
        </test-method> <!-- tearDown -->
        <test-method is-config="true" signature="setUp(java.lang.reflect.Method)[pri:0, instance:com.framework.tests.AppTest@5c909414]" started-at="2026-04-17T13:28:10 CEST" name="setUp" finished-at="2026-04-17T13:28:10 CEST" duration-ms="428" status="PASS">
          <params>
            <param index="0">
              <value>
                <![CDATA[public void com.framework.tests.AppTest.isValidLoginTest(java.lang.String,java.lang.String,java.lang.String)]]>
              </value>
            </param>
          </params>
          <reporter-output>
          </reporter-output>
        </test-method> <!-- setUp -->
        <test-method signature="isValidLoginTest(java.lang.String,java.lang.String,java.lang.String)[pri:0, instance:com.framework.tests.AppTest@5c909414]" started-at="2026-04-17T13:28:10 CEST" name="isValidLoginTest" data-provider="invalidCredentials" finished-at="2026-04-17T13:28:11 CEST" duration-ms="441" status="PASS">
          <params>
            <param index="0">
              <value>
                <![CDATA[]]>
              </value>
            </param>
            <param index="1">
              <value>
                <![CDATA[]]>
              </value>
            </param>
            <param index="2">
              <value>
                <![CDATA[Epic sadface: Username is required]]>
              </value>
            </param>
          </params>
          <reporter-output>
          </reporter-output>
        </test-method> <!-- isValidLoginTest -->
        <test-method is-config="true" signature="tearDown(org.testng.ITestResult)[pri:0, instance:com.framework.tests.AppTest@5c909414]" started-at="2026-04-17T13:28:11 CEST" name="tearDown" finished-at="2026-04-17T13:28:11 CEST" duration-ms="92" status="PASS">
          <params>
            <param index="0">
              <value>
                <![CDATA[[TestResult name=isValidLoginTest status=SUCCESS method=AppTest.isValidLoginTest(java.lang.String,java.lang.String,java.lang.String)[pri:0, instance:com.framework.tests.AppTest@5c909414] output={null}]]]>
              </value>
            </param>
          </params>
          <reporter-output>
          </reporter-output>
        </test-method> <!-- tearDown -->
        <test-method is-config="true" signature="setUp(java.lang.reflect.Method)[pri:0, instance:com.framework.tests.AppTest@5c909414]" started-at="2026-04-17T13:28:11 CEST" name="setUp" finished-at="2026-04-17T13:28:11 CEST" duration-ms="422" status="PASS">
          <params>
            <param index="0">
              <value>
                <![CDATA[public void com.framework.tests.AppTest.isValidLoginTest(java.lang.String,java.lang.String,java.lang.String)]]>
              </value>
            </param>
          </params>
          <reporter-output>
          </reporter-output>
        </test-method> <!-- setUp -->
        <test-method signature="isValidLoginTest(java.lang.String,java.lang.String,java.lang.String)[pri:0, instance:com.framework.tests.AppTest@5c909414]" started-at="2026-04-17T13:28:11 CEST" name="isValidLoginTest" data-provider="invalidCredentials" finished-at="2026-04-17T13:28:11 CEST" duration-ms="380" status="FAIL">
          <params>
            <param index="0">
              <value>
                <![CDATA[s]]>
              </value>
            </param>
            <param index="1">
              <value>
                <![CDATA[s]]>
              </value>
            </param>
            <param index="2">
              <value>
                <![CDATA[Epic sadface: Username is too short]]>
              </value>
            </param>
          </params>
          <exception class="java.lang.AssertionError">
            <message>
              <![CDATA[Error message does not match expected message for invalid login. expected [Epic sadface: Username is too short] but found [Epic sadface: Username and password do not match any user in this service]]]>
            </message>
            <full-stacktrace>
              <![CDATA[java.lang.AssertionError: Error message does not match expected message for invalid login. expected [Epic sadface: Username is too short] but found [Epic sadface: Username and password do not match any user in this service]
at org.testng.Assert.fail(Assert.java:111)
at org.testng.Assert.failNotEquals(Assert.java:1578)
at org.testng.Assert.assertEqualsImpl(Assert.java:150)
at org.testng.Assert.assertEquals(Assert.java:132)
at org.testng.Assert.assertEquals(Assert.java:656)
at com.framework.tests.AppTest.isValidLoginTest(AppTest.java:48)
at java.base/jdk.internal.reflect.DirectMethodHandleAccessor.invoke(DirectMethodHandleAccessor.java:104)
at java.base/java.lang.reflect.Method.invoke(Method.java:565)
at org.testng.internal.invokers.MethodInvocationHelper.invokeMethod(MethodInvocationHelper.java:139)
at org.testng.internal.invokers.TestInvoker.invokeMethod(TestInvoker.java:664)
at org.testng.internal.invokers.TestInvoker.invokeTestMethod(TestInvoker.java:227)
at org.testng.internal.invokers.MethodRunner.runInSequence(MethodRunner.java:50)
at org.testng.internal.invokers.TestInvoker$MethodInvocationAgent.invoke(TestInvoker.java:957)
at org.testng.internal.invokers.TestInvoker.invokeTestMethods(TestInvoker.java:200)
at org.testng.internal.invokers.TestMethodWorker.invokeTestMethods(TestMethodWorker.java:148)
at org.testng.internal.invokers.TestMethodWorker.run(TestMethodWorker.java:128)
at java.base/java.util.ArrayList.forEach(ArrayList.java:1604)
at org.testng.TestRunner.privateRun(TestRunner.java:848)
at org.testng.TestRunner.run(TestRunner.java:621)
at org.testng.SuiteRunner.runTest(SuiteRunner.java:443)
at org.testng.SuiteRunner.runSequentially(SuiteRunner.java:437)
at org.testng.SuiteRunner.privateRun(SuiteRunner.java:397)
at org.testng.SuiteRunner.run(SuiteRunner.java:336)
at org.testng.SuiteRunnerWorker.runSuite(SuiteRunnerWorker.java:52)
at org.testng.SuiteRunnerWorker.run(SuiteRunnerWorker.java:95)
at org.testng.TestNG.runSuitesSequentially(TestNG.java:1280)
at org.testng.TestNG.runSuitesLocally(TestNG.java:1200)
at org.testng.TestNG.runSuites(TestNG.java:1114)
at org.testng.TestNG.run(TestNG.java:1082)
at org.apache.maven.surefire.testng.TestNGExecutor.run(TestNGExecutor.java:308)
at org.apache.maven.surefire.testng.TestNGXmlTestSuite.execute(TestNGXmlTestSuite.java:71)
at org.apache.maven.surefire.testng.TestNGProvider.invoke(TestNGProvider.java:113)
at org.apache.maven.surefire.booter.ForkedBooter.runSuitesInProcess(ForkedBooter.java:385)
at org.apache.maven.surefire.booter.ForkedBooter.execute(ForkedBooter.java:162)
at org.apache.maven.surefire.booter.ForkedBooter.run(ForkedBooter.java:507)
at org.apache.maven.surefire.booter.ForkedBooter.main(ForkedBooter.java:495)
]]>
            </full-stacktrace>
          </exception> <!-- java.lang.AssertionError -->
          <reporter-output>
          </reporter-output>
        </test-method> <!-- isValidLoginTest -->
        <test-method is-config="true" signature="tearDown(org.testng.ITestResult)[pri:0, instance:com.framework.tests.AppTest@5c909414]" started-at="2026-04-17T13:28:11 CEST" name="tearDown" finished-at="2026-04-17T13:28:12 CEST" duration-ms="160" status="PASS">
          <params>
            <param index="0">
              <value>
                <![CDATA[[TestResult name=isValidLoginTest status=FAILURE method=AppTest.isValidLoginTest(java.lang.String,java.lang.String,java.lang.String)[pri:0, instance:com.framework.tests.AppTest@5c909414] output={null}]]]>
              </value>
            </param>
          </params>
          <reporter-output>
          </reporter-output>
        </test-method> <!-- tearDown -->
        <test-method is-config="true" signature="setUp(java.lang.reflect.Method)[pri:0, instance:com.framework.tests.AppTest@5c909414]" started-at="2026-04-17T13:28:12 CEST" name="setUp" finished-at="2026-04-17T13:28:12 CEST" duration-ms="424" status="PASS">
          <params>
            <param index="0">
              <value>
                <![CDATA[public void com.framework.tests.AppTest.loginTest()]]>
              </value>
            </param>
          </params>
          <reporter-output>
          </reporter-output>
        </test-method> <!-- setUp -->
        <test-method signature="loginTest()[pri:0, instance:com.framework.tests.AppTest@5c909414]" started-at="2026-04-17T13:28:12 CEST" name="loginTest" finished-at="2026-04-17T13:28:13 CEST" duration-ms="571" status="PASS">
          <reporter-output>
          </reporter-output>
        </test-method> <!-- loginTest -->
        <test-method is-config="true" signature="tearDown(org.testng.ITestResult)[pri:0, instance:com.framework.tests.AppTest@5c909414]" started-at="2026-04-17T13:28:13 CEST" name="tearDown" finished-at="2026-04-17T13:28:13 CEST" duration-ms="85" status="PASS">
          <params>
            <param index="0">
              <value>
                <![CDATA[[TestResult name=loginTest status=SUCCESS method=AppTest.loginTest()[pri:0, instance:com.framework.tests.AppTest@5c909414] output={null}]]]>
              </value>
            </param>
          </params>
          <reporter-output>
          </reporter-output>
        </test-method> <!-- tearDown -->
        <test-method is-config="true" signature="afterSuite()[pri:0, instance:com.framework.tests.AppTest@5c909414]" started-at="2026-04-17T13:28:13 CEST" name="afterSuite" finished-at="2026-04-17T13:28:13 CEST" duration-ms="130" status="PASS">
          <reporter-output>
          </reporter-output>
        </test-method> <!-- afterSuite -->
      </class> <!-- com.framework.tests.AppTest -->
    </test> <!-- Test -->
  </suite> <!-- Test Suite -->
</testng-results>
