<?xml version="1.0" encoding="UTF-8"?>
<!-- Generated by org.testng.reporters.JUnitXMLReporter -->
<testsuite ignored="0" hostname="mac.home" failures="1" tests="6" name="Test" time="6.773" errors="0" timestamp="2026-04-17T13:28:13 CEST">
  <testcase classname="com.framework.tests.AppTest" name="isValidLoginTest" time="0.61"/>
  <testcase classname="com.framework.tests.AppTest" name="isValidLoginTest" time="0.492"/>
  <testcase classname="com.framework.tests.AppTest" name="isValidLoginTest" time="0.51"/>
  <testcase classname="com.framework.tests.AppTest" name="isValidLoginTest" time="0.441"/>
  <testcase classname="com.framework.tests.AppTest" name="isValidLoginTest" time="0.38">
    <failure type="java.lang.AssertionError" message="Error message does not match expected message for invalid login. expected [Epic sadface: Username is too short] but found [Epic sadface: Username and password do not match any user in this service]">
      <![CDATA[java.lang.AssertionError: Error message does not match expected message for invalid login. expected [Epic sadface: Username is too short] but found [Epic sadface: Username and password do not match any user in this service]
at com.framework.tests.AppTest.isValidLoginTest(AppTest.java:48)
at java.base/java.util.ArrayList.forEach(ArrayList.java:1604)
... Removed 34 stack frames]]>
    </failure>
  </testcase> <!-- isValidLoginTest -->
  <testcase classname="com.framework.tests.AppTest" name="loginTest" time="0.571"/>
</testsuite> <!-- Test -->
